<?xml version="1.0" encoding="UTF-8"?>
<!-- Generated by org.testng.reporters.JUnitReportReporter -->
<testsuite skipped="0" hostname="LAPTOP-DUI2CR0P" name="com.trial.web.testscripts.TC_001" tests="1" failures="0" timestamp="14 May 2020 11:11:14 GMT" time="28.719" errors="0">
  <testcase name="demoTestMethod2" time="28.719" classname="com.trial.web.testscripts.TC_001"/>
</testsuite> <!-- com.trial.web.testscripts.TC_001 -->
